[Licensing::Module] Trying to connect to existing licensing client channel...
Built from '6000.2/staging' branch; Version is '6000.2.10f1 (d3d30d158480) revision 13882125'; Using compiler version '194234433'; Build Type 'Release'
[Licensing::IpcConnector] Successfully connected to: "LicenseClient-eIJX1TYkKavkvNEk0j2T8" at "2026-04-02T20:00:21.9769677Z"
OS: 'Windows 11  (10.0.26100) 64bit Enterprise' Language: 'en' Physical Memory: 16036 MB
BatchMode: 1, IsHumanControllingUs: 0, StartBugReporterOnCrash: 0, Is64bit: 1
Date: 2026-04-02T20:00:21Z

COMMAND LINE ARGUMENTS:
C:\Program Files\Unity\Hub\Editor\6000.2.10f1\Editor\Unity.exe
-adb2
-batchMode
-noUpm
-name
AssetImportWorker0
-projectPath
C:/Users/ja1106881/Documents/Planets stuff/Procedural-Planets/Procedural Planet E06
-logFile
Logs/AssetImportWorker0.log
-srvPort
53799
-licensingIpc
LicenseClient-eIJX1TYkKavkvNEk0j2T8
-job-worker-count
7
-background-job-worker-count
8
-gc-helper-count
1
-name
AssetImport
Successfully changed project path to: C:/Users/ja1106881/Documents/Planets stuff/Procedural-Planets/Procedural Planet E06
C:/Users/ja1106881/Documents/Planets stuff/Procedural-Planets/Procedural Planet E06
[UnityMemory] Configuration Parameters - Can be set up in boot.config
    "memorysetup-allocator-temp-initial-block-size-main=262144"
    "memorysetup-allocator-temp-initial-block-size-worker=262144"
    "memorysetup-bucket-allocator-granularity=16"
    "memorysetup-bucket-allocator-bucket-count=8"
    "memorysetup-bucket-allocator-block-size=33554432"
    "memorysetup-bucket-allocator-block-count=8"
    "memorysetup-main-allocator-block-size=16777216"
    "memorysetup-thread-allocator-block-size=16777216"
    "memorysetup-gfx-main-allocator-block-size=16777216"
    "memorysetup-gfx-thread-allocator-block-size=16777216"
    "memorysetup-cache-allocator-block-size=4194304"
    "memorysetup-typetree-allocator-block-size=2097152"
    "memorysetup-profiler-bucket-allocator-granularity=16"
    "memorysetup-profiler-bucket-allocator-bucket-count=8"
    "memorysetup-profiler-bucket-allocator-block-size=33554432"
    "memorysetup-profiler-bucket-allocator-block-count=8"
    "memorysetup-profiler-allocator-block-size=16777216"
    "memorysetup-profiler-editor-allocator-block-size=1048576"
    "memorysetup-temp-allocator-size-main=16777216"
    "memorysetup-job-temp-allocator-block-size=2097152"
    "memorysetup-job-temp-allocator-block-size-background=1048576"
    "memorysetup-job-temp-allocator-reduction-small-platforms=262144"
    "memorysetup-temp-allocator-size-background-worker=32768"
    "memorysetup-temp-allocator-size-job-worker=262144"
    "memorysetup-temp-allocator-size-preload-manager=33554432"
    "memorysetup-temp-allocator-size-nav-mesh-worker=65536"
    "memorysetup-temp-allocator-size-audio-worker=65536"
    "memorysetup-temp-allocator-size-cloud-worker=32768"
    "memorysetup-temp-allocator-size-gi-baking-worker=262144"
    "memorysetup-temp-allocator-size-gi-baking-worker=262144"
    "memorysetup-temp-allocator-size-gi-baking-worker=262144"
    "memorysetup-temp-allocator-size-gi-baking-worker=262144"
    "memorysetup-temp-allocator-size-gi-baking-worker=262144"
    "memorysetup-temp-allocator-size-gfx=262144"
Player connection [3920]  Target information:

Player connection [3920]  * "[IP] 192.168.56.1 [Port] 0 [Flags] 2 [Guid] 2319841821 [EditorId] 2319841821 [Version] 1048832 [Id] WindowsEditor(7,8PFT224) [Debug] 1 [PackageName] WindowsEditor [ProjectName] Editor" 

Player connection [3920]  * "[IP] 172.21.253.43 [Port] 0 [Flags] 2 [Guid] 2319841821 [EditorId] 2319841821 [Version] 1048832 [Id] WindowsEditor(7,8PFT224) [Debug] 1 [PackageName] WindowsEditor [ProjectName] Editor" 

Player connection [3920] Host joined multi-casting on [225.0.0.222:54997]...
Player connection [3920] Host joined alternative multi-casting on [225.0.0.222:34997]...
JobSystem: Creating JobQueue using job-worker-count value 7
Input System module state changed to: Initialized.
[Physics::Module] Initialized fallback backend.
[Physics::Module] Id: 0xdecafbad
Library Redirect Path: Library/
[Licensing::Client] Code 10 while verifying Licensing Client signature (process Id: 12616, path: "C:/Program Files/Unity Hub/UnityLicensingClient_V1/Unity.Licensing.Client.exe")
[Licensing::Module] LicensingClient has failed validation; ignoring
[Licensing::Client] Error: HandshakeResponse reported an error:
	ResponseCode: 505
	ResponseStatus: Unsupported protocol version '1.17.2'.
[Licensing::Module] Error: Failed to handshake to channel: "LicenseClient-eIJX1TYkKavkvNEk0j2T8"
[Licensing::IpcConnector] LicenseClient-eIJX1TYkKavkvNEk0j2T8 channel disconnected successfully.
[Licensing::IpcConnector] Successfully connected to: "LicenseClient-ja1106881-6000.2.10" at "2026-04-02T20:00:22.1662878Z"
[Licensing::Client] Code 10 while verifying Licensing Client signature (process Id: 13828, path: "C:/Program Files/Unity/Hub/Editor/6000.2.10f1/Editor/Data/Resources/Licensing/Client/Unity.Licensing.Client.exe")
[Licensing::Module] LicensingClient has failed validation; ignoring
[Licensing::Client] Handshaking with LicensingClient:
  Version:                 1.17.2+ff71f16
  Session Id:              2fd26aff6eae4f32900f400c40a411fd
  Correlation Id:          36f835735ddd6800688c097439e077b0
  External correlation Id: 8640025830698867602
  Machine Id:              /M2U3Lm+Roj8E06T7zYl+MQy0xI=
[Licensing::Module] Successfully connected to LicensingClient on channel: "LicenseClient-ja1106881-6000.2.10" (connect: 0.00s, validation: 0.01s, handshake: 0.04s)
[Licensing::IpcConnector] Successfully connected to: "LicenseClient-ja1106881-6000.2.10-notifications" at "2026-04-02T20:00:22.2080275Z"
[Licensing::Module] Licensing Background thread has ended after 0.23s
[Physics::Module] Selected backend.
[Physics::Module] Name: PhysX
[Physics::Module] Id: 0xf2b8ea05
[Physics::Module] SDK Version: 4.1.2
[Physics::Module] Integration Version: 1.0.0
[Physics::Module] Threading Mode: Multi-Threaded
Refreshing native plugins compatible for Editor in 0.00 ms, found 0 plugins.
Preloading 0 native plugins for Editor in 0.00 ms.
Initialize engine version: 6000.2.10f1 (d3d30d158480)
[Subsystems] Discovering subsystems at path C:/Program Files/Unity/Hub/Editor/6000.2.10f1/Editor/Data/Resources/UnitySubsystems
[Subsystems] Discovering subsystems at path C:/Users/ja1106881/Documents/Planets stuff/Procedural-Planets/Procedural Planet E06/Assets
GfxDevice: creating device client; kGfxThreadingModeNonThreaded
Direct3D:
    Version:  Direct3D 11.0 [level 11.1]
    Renderer: NVIDIA RTX A500 Laptop GPU (ID=0x25bb)
    Vendor:   NVIDIA
    VRAM:     3965 MB
    Driver:   31.0.15.5346
Initialize mono
Mono path[0] = 'C:/Program Files/Unity/Hub/Editor/6000.2.10f1/Editor/Data/Managed'
Mono path[1] = 'C:/Program Files/Unity/Hub/Editor/6000.2.10f1/Editor/Data/MonoBleedingEdge/lib/mono/unityjit-win32'
Mono config path = 'C:/Program Files/Unity/Hub/Editor/6000.2.10f1/Editor/Data/MonoBleedingEdge/etc'
Using monoOptions --debugger-agent=transport=dt_socket,embedding=1,server=y,suspend=n,address=127.0.0.1:56292
Begin MonoManager ReloadAssembly
Registering precompiled unity dll's ...
Register platform support module: C:/Program Files/Unity/Hub/Editor/6000.2.10f1/Editor/Data/PlaybackEngines/WindowsStandaloneSupport/UnityEditor.WindowsStandalone.Extensions.dll
Registered in 0.003485 seconds.
- Loaded All Assemblies, in  0.499 seconds
Native extension for WindowsStandalone target not found
Mono: successfully reloaded assembly
- Finished resetting the current domain, in  0.429 seconds
Domain Reload Profiling: 924ms
	BeginReloadAssembly (178ms)
		ExecutionOrderSort (0ms)
		DisableScriptedObjects (0ms)
		BackupInstance (0ms)
		ReleaseScriptingObjects (0ms)
		CreateAndSetChildDomain (1ms)
	RebuildCommonClasses (45ms)
	RebuildNativeTypeToScriptingClass (13ms)
	initialDomainReloadingComplete (63ms)
	LoadAllAssembliesAndSetupDomain (195ms)
		LoadAssemblies (174ms)
		RebuildTransferFunctionScriptingTraits (0ms)
		AnalyzeDomain (192ms)
			TypeCache.Refresh (190ms)
				TypeCache.ScanAssembly (175ms)
			BuildScriptInfoCaches (0ms)
			ResolveRequiredComponents (1ms)
	FinalizeReload (429ms)
		ReleaseScriptCaches (0ms)
		RebuildScriptCaches (0ms)
		SetupLoadedEditorAssemblies (387ms)
			LogAssemblyErrors (0ms)
			InitializePlatformSupportModulesInManaged (58ms)
			SetLoadedEditorAssemblies (4ms)
			BeforeProcessingInitializeOnLoad (81ms)
			ProcessInitializeOnLoadAttributes (165ms)
			ProcessInitializeOnLoadMethodAttributes (78ms)
			AfterProcessingInitializeOnLoad (0ms)
			EditorAssembliesLoaded (0ms)
		ExecutionOrderSort2 (0ms)
		AwakeInstancesAfterBackupRestoration (0ms)
========================================================================
Worker process is ready to serve import requests
Import Worker Mode flag is 0x00
Begin MonoManager ReloadAssembly
[Licensing::Client] Successfully resolved entitlement details
[Licensing::Module] License group:
  Id: 20067118567427-UnityPersXXXX
  Product: Unity Personal
  Type: Assigned
  Expiration: Unlimited
- Loaded All Assemblies, in  0.433 seconds
Refreshing native plugins compatible for Editor in 0.00 ms, found 0 plugins.
Native extension for WindowsStandalone target not found
Mono: successfully reloaded assembly
- Finished resetting the current domain, in  0.432 seconds
Domain Reload Profiling: 861ms
	BeginReloadAssembly (314ms)
		ExecutionOrderSort (0ms)
		DisableScriptedObjects (27ms)
		BackupInstance (0ms)
		ReleaseScriptingObjects (0ms)
		CreateAndSetChildDomain (33ms)
	RebuildCommonClasses (47ms)
	RebuildNativeTypeToScriptingClass (17ms)
	initialDomainReloadingComplete (31ms)
	LoadAllAssembliesAndSetupDomain (19ms)
		LoadAssemblies (176ms)
		RebuildTransferFunctionScriptingTraits (0ms)
		AnalyzeDomain (13ms)
			TypeCache.Refresh (8ms)
				TypeCache.ScanAssembly (3ms)
			BuildScriptInfoCaches (2ms)
			ResolveRequiredComponents (1ms)
	FinalizeReload (433ms)
		ReleaseScriptCaches (0ms)
		RebuildScriptCaches (0ms)
		SetupLoadedEditorAssemblies (307ms)
			LogAssemblyErrors (0ms)
			InitializePlatformSupportModulesInManaged (2ms)
			SetLoadedEditorAssemblies (4ms)
			BeforeProcessingInitializeOnLoad (96ms)
			ProcessInitializeOnLoadAttributes (164ms)
			ProcessInitializeOnLoadMethodAttributes (31ms)
			AfterProcessingInitializeOnLoad (9ms)
			EditorAssembliesLoaded (0ms)
		ExecutionOrderSort2 (0ms)
		AwakeInstancesAfterBackupRestoration (10ms)
Launched and connected shader compiler UnityShaderCompiler.exe after 0.04 seconds
Refreshing native plugins compatible for Editor in 0.00 ms, found 0 plugins.
Preloading 0 native plugins for Editor in 0.00 ms.
Unloading 0 Unused Serialized files (Serialized files now loaded: 0)
Unloading 80 unused Assets / (27.0 KB). Loaded Objects now: 580.
Memory consumption went from 53.5 MB to 53.5 MB.
Total: 3.654700 ms (FindLiveObjects: 0.037900 ms CreateObjectMapping: 0.007500 ms MarkObjects: 3.508100 ms  DeleteObjects: 0.100100 ms)

========================================================================
Received Import Request.
  Time since last request: 2459.855024 seconds.
  path: Assets/ColourSettings.cs
  artifactKey: Guid(f6e6c8ca3ba8841e191076baacd2a9ab) Importer(815301076,1909f56bfc062723c751e8b465ee728b)
Start importing Assets/ColourSettings.cs using Guid(f6e6c8ca3ba8841e191076baacd2a9ab) Importer(815301076,1909f56bfc062723c751e8b465ee728b) (PreviewImporter) -> (artifact id: '1678ca91dbde4ddac2ec9f19b9513013') in 0.0075245 seconds
Number of updated asset objects reloaded before import = 0Number of asset objects unloaded after import = 0

========================================================================
Received Import Request.
  Time since last request: 0.000027 seconds.
  path: Assets/ConditionalHideAttribute.cs
  artifactKey: Guid(a9a6bb030d1f946a1a3691fcc4fb8e99) Importer(815301076,1909f56bfc062723c751e8b465ee728b)
Start importing Assets/ConditionalHideAttribute.cs using Guid(a9a6bb030d1f946a1a3691fcc4fb8e99) Importer(815301076,1909f56bfc062723c751e8b465ee728b) (PreviewImporter) -> (artifact id: '5cae46db89675038bbcc4b9ff8b2de09') in 0.0008589 seconds
Number of updated asset objects reloaded before import = 0Number of asset objects unloaded after import = 0

========================================================================
Received Import Request.
  Time since last request: 0.000135 seconds.
  path: Assets/ColourGenerator.cs
  artifactKey: Guid(b14846b0b02df42c0860c34c11883b43) Importer(815301076,1909f56bfc062723c751e8b465ee728b)
Start importing Assets/ColourGenerator.cs using Guid(b14846b0b02df42c0860c34c11883b43) Importer(815301076,1909f56bfc062723c751e8b465ee728b) (PreviewImporter) -> (artifact id: 'c37fb5031e86ab181bd78746e97a8bdd') in 0.0017899 seconds
Number of updated asset objects reloaded before import = 0Number of asset objects unloaded after import = 0

========================================================================
Received Import Request.
  Time since last request: 0.320916 seconds.
  path: Assets/INoiseFilter.cs
  artifactKey: Guid(66720f149b11749648e92e726afe9839) Importer(815301076,1909f56bfc062723c751e8b465ee728b)
Start importing Assets/INoiseFilter.cs using Guid(66720f149b11749648e92e726afe9839) Importer(815301076,1909f56bfc062723c751e8b465ee728b) (PreviewImporter) -> (artifact id: '2c15a60672bc16db93263c4935f92fca') in 0.0008588 seconds
Number of updated asset objects reloaded before import = 0Number of asset objects unloaded after import = 0

========================================================================
Received Import Request.
  Time since last request: 0.669437 seconds.
  path: Assets/MinMax.cs
  artifactKey: Guid(69fb55cb040b4437aba55db3d35ee908) Importer(815301076,1909f56bfc062723c751e8b465ee728b)
Start importing Assets/MinMax.cs using Guid(69fb55cb040b4437aba55db3d35ee908) Importer(815301076,1909f56bfc062723c751e8b465ee728b) (PreviewImporter) -> (artifact id: 'e403855f2396a73f2a8c6d92032f5f01') in 0.0012866 seconds
Number of updated asset objects reloaded before import = 0Number of asset objects unloaded after import = 0

========================================================================
Received Import Request.
  Time since last request: 0.635855 seconds.
  path: Assets/Noise.cs
  artifactKey: Guid(e704d116079374fa1aba59dc13a9b006) Importer(815301076,1909f56bfc062723c751e8b465ee728b)
Start importing Assets/Noise.cs using Guid(e704d116079374fa1aba59dc13a9b006) Importer(815301076,1909f56bfc062723c751e8b465ee728b) (PreviewImporter) -> (artifact id: '974853a774875e7df2c99d64d8453f78') in 0.00075 seconds
Number of updated asset objects reloaded before import = 0Number of asset objects unloaded after import = 0

========================================================================
Received Import Request.
  Time since last request: 0.484567 seconds.
  path: Assets/NoiseFilterFactory.cs
  artifactKey: Guid(c9087bb2e20cd4936afd9c14a9bfdb06) Importer(815301076,1909f56bfc062723c751e8b465ee728b)
Start importing Assets/NoiseFilterFactory.cs using Guid(c9087bb2e20cd4936afd9c14a9bfdb06) Importer(815301076,1909f56bfc062723c751e8b465ee728b) (PreviewImporter) -> (artifact id: '80bbd3bafaffa2750a925159e51dd47c') in 0.0012868 seconds
Number of updated asset objects reloaded before import = 0Number of asset objects unloaded after import = 0

========================================================================
Received Import Request.
  Time since last request: 0.519919 seconds.
  path: Assets/NoiseSettings.cs
  artifactKey: Guid(49495739a25cc4ed390f4353dbbbf1fc) Importer(815301076,1909f56bfc062723c751e8b465ee728b)
Start importing Assets/NoiseSettings.cs using Guid(49495739a25cc4ed390f4353dbbbf1fc) Importer(815301076,1909f56bfc062723c751e8b465ee728b) (PreviewImporter) -> (artifact id: '71f5d675eebfbe9957f999d1865855c3') in 0.0015145 seconds
Number of updated asset objects reloaded before import = 0Number of asset objects unloaded after import = 0

========================================================================
Received Import Request.
  Time since last request: 2.776396 seconds.
  path: Assets/Scenes
  artifactKey: Guid(4f704ae4b4f98ae41a0bce26658850c1) Importer(815301076,1909f56bfc062723c751e8b465ee728b)
Start importing Assets/Scenes using Guid(4f704ae4b4f98ae41a0bce26658850c1) Importer(815301076,1909f56bfc062723c751e8b465ee728b) (PreviewImporter) -> (artifact id: '38361330eed72acb41e870eb42ccf09e') in 0.0006306 seconds
Number of updated asset objects reloaded before import = 0Number of asset objects unloaded after import = 0

========================================================================
Received Import Request.
  Time since last request: 21.146289 seconds.
  path: Assets/TerrainFace.cs
  artifactKey: Guid(859215c01402541afaa80c9fee15874c) Importer(815301076,1909f56bfc062723c751e8b465ee728b)
Start importing Assets/TerrainFace.cs using Guid(859215c01402541afaa80c9fee15874c) Importer(815301076,1909f56bfc062723c751e8b465ee728b) (PreviewImporter) -> (artifact id: '9b9b40f375ed45fb0a4e7d3dacdb8c94') in 0.0010669 seconds
Number of updated asset objects reloaded before import = 0Number of asset objects unloaded after import = 0

========================================================================
Received Import Request.
  Time since last request: 2.541136 seconds.
  path: Assets/SimpleNoiseFilter.cs
  artifactKey: Guid(6cf73c31e75704858b1d3ffce6493176) Importer(815301076,1909f56bfc062723c751e8b465ee728b)
Start importing Assets/SimpleNoiseFilter.cs using Guid(6cf73c31e75704858b1d3ffce6493176) Importer(815301076,1909f56bfc062723c751e8b465ee728b) (PreviewImporter) -> (artifact id: '514ed0c30a8290f0d96daf930f8f0dcc') in 0.0008889 seconds
Number of updated asset objects reloaded before import = 0Number of asset objects unloaded after import = 0

========================================================================
Received Import Request.
  Time since last request: 1.287271 seconds.
  path: Assets/ShapeSettings.cs
  artifactKey: Guid(d48e7d87040ce4f66a07c75b885f4f80) Importer(815301076,1909f56bfc062723c751e8b465ee728b)
Start importing Assets/ShapeSettings.cs using Guid(d48e7d87040ce4f66a07c75b885f4f80) Importer(815301076,1909f56bfc062723c751e8b465ee728b) (PreviewImporter) -> (artifact id: 'd9547158dd09bc7b0fcceeac535dc539') in 0.0010066 seconds
Number of updated asset objects reloaded before import = 0Number of asset objects unloaded after import = 0

========================================================================
Received Import Request.
  Time since last request: 3.757441 seconds.
  path: Assets/ShapeGenerator.cs
  artifactKey: Guid(c40ca591585634230bc9a35fba20a8b8) Importer(815301076,1909f56bfc062723c751e8b465ee728b)
Start importing Assets/ShapeGenerator.cs using Guid(c40ca591585634230bc9a35fba20a8b8) Importer(815301076,1909f56bfc062723c751e8b465ee728b) (PreviewImporter) -> (artifact id: '78185fb2fbe51aff2c231c54579ca864') in 0.0010091 seconds
Number of updated asset objects reloaded before import = 0Number of asset objects unloaded after import = 0

========================================================================
Received Import Request.
  Time since last request: 1.288690 seconds.
  path: Assets/RidgidNoiseFilter.cs
  artifactKey: Guid(5f700f61a40d24e179fd5a9c797890dc) Importer(815301076,1909f56bfc062723c751e8b465ee728b)
Start importing Assets/RidgidNoiseFilter.cs using Guid(5f700f61a40d24e179fd5a9c797890dc) Importer(815301076,1909f56bfc062723c751e8b465ee728b) (PreviewImporter) -> (artifact id: '0f7f406338bee23e380d25426d4c6cc1') in 0.0009916 seconds
Number of updated asset objects reloaded before import = 0Number of asset objects unloaded after import = 0

========================================================================
Received Import Request.
  Time since last request: 3.311889 seconds.
  path: Assets/Planet.cs
  artifactKey: Guid(032cda3cb5aa847b0a635bd4b95e2e16) Importer(815301076,1909f56bfc062723c751e8b465ee728b)
Start importing Assets/Planet.cs using Guid(032cda3cb5aa847b0a635bd4b95e2e16) Importer(815301076,1909f56bfc062723c751e8b465ee728b) (PreviewImporter) -> (artifact id: '4ba8c28dbbf3dc88efcc3ed07f0d0967') in 0.0011428 seconds
Number of updated asset objects reloaded before import = 0Number of asset objects unloaded after import = 0

========================================================================
Received Prepare
Begin MonoManager ReloadAssembly
- Loaded All Assemblies, in  0.317 seconds
Refreshing native plugins compatible for Editor in 0.00 ms, found 0 plugins.
Native extension for WindowsStandalone target not found
Mono: successfully reloaded assembly
- Finished resetting the current domain, in  0.396 seconds
Domain Reload Profiling: 708ms
	BeginReloadAssembly (216ms)
		ExecutionOrderSort (0ms)
		DisableScriptedObjects (7ms)
		BackupInstance (0ms)
		ReleaseScriptingObjects (0ms)
		CreateAndSetChildDomain (25ms)
	RebuildCommonClasses (41ms)
	RebuildNativeTypeToScriptingClass (13ms)
	initialDomainReloadingComplete (26ms)
	LoadAllAssembliesAndSetupDomain (15ms)
		LoadAssemblies (138ms)
		RebuildTransferFunctionScriptingTraits (0ms)
		AnalyzeDomain (10ms)
			TypeCache.Refresh (3ms)
				TypeCache.ScanAssembly (0ms)
			BuildScriptInfoCaches (4ms)
			ResolveRequiredComponents (1ms)
	FinalizeReload (396ms)
		ReleaseScriptCaches (0ms)
		RebuildScriptCaches (0ms)
		SetupLoadedEditorAssemblies (283ms)
			LogAssemblyErrors (0ms)
			InitializePlatformSupportModulesInManaged (2ms)
			SetLoadedEditorAssemblies (3ms)
			BeforeProcessingInitializeOnLoad (100ms)
			ProcessInitializeOnLoadAttributes (145ms)
			ProcessInitializeOnLoadMethodAttributes (26ms)
			AfterProcessingInitializeOnLoad (7ms)
			EditorAssembliesLoaded (0ms)
		ExecutionOrderSort2 (0ms)
		AwakeInstancesAfterBackupRestoration (8ms)
Refreshing native plugins compatible for Editor in 0.00 ms, found 0 plugins.
Preloading 0 native plugins for Editor in 0.00 ms.
Unloading 0 Unused Serialized files (Serialized files now loaded: 0)
Unloading 78 unused Assets / (1.0 KB). Loaded Objects now: 582.
Memory consumption went from 53.8 MB to 53.8 MB.
Total: 4.534700 ms (FindLiveObjects: 0.034600 ms CreateObjectMapping: 0.006600 ms MarkObjects: 4.448800 ms  DeleteObjects: 0.043400 ms)

Prepare: number of updated asset objects reloaded= 0
========================================================================
Received Import Request.
  Time since last request: 147.763883 seconds.
  path: Assets/Settings/Shape.asset
  artifactKey: Guid(bb563e90654574d4cb7d931456630f79) Importer(815301076,1909f56bfc062723c751e8b465ee728b)
Start importing Assets/Settings/Shape.asset using Guid(bb563e90654574d4cb7d931456630f79) Importer(815301076,1909f56bfc062723c751e8b465ee728b) (PreviewImporter) -> (artifact id: '54095a7f81458424d800a7e88e8f25fc') in 0.0292344 seconds
Number of updated asset objects reloaded before import = 0Number of asset objects unloaded after import = 1

========================================================================
Received Import Request.
  Time since last request: 223.853774 seconds.
  path: Assets/New Shape Settings.asset
  artifactKey: Guid(863418f197d119f449b06fec8fe94e14) Importer(815301076,1909f56bfc062723c751e8b465ee728b)
Start importing Assets/New Shape Settings.asset using Guid(863418f197d119f449b06fec8fe94e14) Importer(815301076,1909f56bfc062723c751e8b465ee728b) (PreviewImporter) -> (artifact id: 'c13109b53c0a1ca40dacdf4f22f11322') in 0.0024975 seconds
Number of updated asset objects reloaded before import = 0Number of asset objects unloaded after import = 1

========================================================================
Received Import Request.
  Time since last request: 12.978340 seconds.
  path: Assets/ColourGenerator.cs
  artifactKey: Guid(b14846b0b02df42c0860c34c11883b43) Importer(2089858483,192608db42251d675da83286b1cce702)
Start importing Assets/ColourGenerator.cs using Guid(b14846b0b02df42c0860c34c11883b43) Importer(2089858483,192608db42251d675da83286b1cce702) (ScriptedImporter) -> (artifact id: '5ec6d9d6e437e129f1decc665edd7f45') in 0.1724338 seconds
Number of updated asset objects reloaded before import = 0Number of asset objects unloaded after import = 0

========================================================================
Received Import Request.
  Time since last request: 0.094078 seconds.
  path: Assets/ConditionalHideAttribute.cs
  artifactKey: Guid(a9a6bb030d1f946a1a3691fcc4fb8e99) Importer(2089858483,192608db42251d675da83286b1cce702)
Start importing Assets/ConditionalHideAttribute.cs using Guid(a9a6bb030d1f946a1a3691fcc4fb8e99) Importer(2089858483,192608db42251d675da83286b1cce702) (ScriptedImporter) -> (artifact id: 'fcfd8e86976a1bbd3e0e87cb00eccbd4') in 0.0295441 seconds
Number of updated asset objects reloaded before import = 0Number of asset objects unloaded after import = 0

========================================================================
Received Import Request.
  Time since last request: 0.258388 seconds.
  path: Assets/New Shape Settings.asset
  artifactKey: Guid(863418f197d119f449b06fec8fe94e14) Importer(2089858483,192608db42251d675da83286b1cce702)
Start importing Assets/New Shape Settings.asset using Guid(863418f197d119f449b06fec8fe94e14) Importer(2089858483,192608db42251d675da83286b1cce702) (ScriptedImporter) -> (artifact id: '75072b2610a811e6aa5555d8663a70f5') in 0.0519547 seconds
Number of updated asset objects reloaded before import = 0Number of asset objects unloaded after import = 1

========================================================================
Received Import Request.
  Time since last request: 0.000025 seconds.
  path: Assets/INoiseFilter.cs
  artifactKey: Guid(66720f149b11749648e92e726afe9839) Importer(2089858483,192608db42251d675da83286b1cce702)
Start importing Assets/INoiseFilter.cs using Guid(66720f149b11749648e92e726afe9839) Importer(2089858483,192608db42251d675da83286b1cce702) (ScriptedImporter) -> (artifact id: '2d899608c5028b413ed4fcdf307726ca') in 0.0244381 seconds
Number of updated asset objects reloaded before import = 0Number of asset objects unloaded after import = 0

========================================================================
Received Import Request.
  Time since last request: 0.000221 seconds.
  path: Assets/NoiseFilterFactory.cs
  artifactKey: Guid(c9087bb2e20cd4936afd9c14a9bfdb06) Importer(2089858483,192608db42251d675da83286b1cce702)
Start importing Assets/NoiseFilterFactory.cs using Guid(c9087bb2e20cd4936afd9c14a9bfdb06) Importer(2089858483,192608db42251d675da83286b1cce702) (ScriptedImporter) -> (artifact id: '8fc7023dd3cc479fb03e9ca8db131672') in 0.0252061 seconds
Number of updated asset objects reloaded before import = 0Number of asset objects unloaded after import = 0

========================================================================
Received Import Request.
  Time since last request: 0.111386 seconds.
  path: Assets/Planet.cs
  artifactKey: Guid(032cda3cb5aa847b0a635bd4b95e2e16) Importer(2089858483,192608db42251d675da83286b1cce702)
Start importing Assets/Planet.cs using Guid(032cda3cb5aa847b0a635bd4b95e2e16) Importer(2089858483,192608db42251d675da83286b1cce702) (ScriptedImporter) -> (artifact id: 'c1ea510a0f177f1fe616792d3b42c0f0') in 0.0239735 seconds
Number of updated asset objects reloaded before import = 0Number of asset objects unloaded after import = 0

========================================================================
Received Import Request.
  Time since last request: 0.000256 seconds.
  path: Assets/Graphics/LW.asset
  artifactKey: Guid(a9808292340d149af9cd843d86e34ef7) Importer(2089858483,192608db42251d675da83286b1cce702)
Start importing Assets/Graphics/LW.asset using Guid(a9808292340d149af9cd843d86e34ef7) Importer(2089858483,192608db42251d675da83286b1cce702) (ScriptedImporter) -> (artifact id: '7f239b22ea63aca668acba6a368ac6c5') in 0.0232891 seconds
Number of updated asset objects reloaded before import = 0Number of asset objects unloaded after import = 0

========================================================================
Received Import Request.
  Time since last request: 0.000119 seconds.
  path: Assets/UI Toolkit/UnityThemes/UnityDefaultRuntimeTheme.tss
  artifactKey: Guid(fc0031129d2e1ff4f8212de499b347ba) Importer(2089858483,192608db42251d675da83286b1cce702)
Start importing Assets/UI Toolkit/UnityThemes/UnityDefaultRuntimeTheme.tss using Guid(fc0031129d2e1ff4f8212de499b347ba) Importer(2089858483,192608db42251d675da83286b1cce702) (ScriptedImporter) -> (artifact id: 'd6903a4b697a9b5c66dbfc18d0aaeb05') in 0.1426211 seconds
Number of updated asset objects reloaded before import = 0Number of asset objects unloaded after import = 28

========================================================================
Received Import Request.
  Time since last request: 0.000023 seconds.
  path: Assets/Editor/ConditionalHidePropertyDrawer.cs
  artifactKey: Guid(2f5db794f4a44412c9db0680e0d9f6bc) Importer(2089858483,192608db42251d675da83286b1cce702)
Start importing Assets/Editor/ConditionalHidePropertyDrawer.cs using Guid(2f5db794f4a44412c9db0680e0d9f6bc) Importer(2089858483,192608db42251d675da83286b1cce702) (ScriptedImporter) -> (artifact id: '9ffcaf77c1753c26aa2001372176961b') in 0.0230067 seconds
Number of updated asset objects reloaded before import = 0Number of asset objects unloaded after import = 0

========================================================================
Received Import Request.
  Time since last request: 0.000103 seconds.
  path: Assets/ShapeSettings.cs
  artifactKey: Guid(d48e7d87040ce4f66a07c75b885f4f80) Importer(2089858483,192608db42251d675da83286b1cce702)
Start importing Assets/ShapeSettings.cs using Guid(d48e7d87040ce4f66a07c75b885f4f80) Importer(2089858483,192608db42251d675da83286b1cce702) (ScriptedImporter) -> (artifact id: '76c0defd9224aa020ba3e1f9f8b0fcd7') in 0.0334416 seconds
Number of updated asset objects reloaded before import = 0Number of asset objects unloaded after import = 0

========================================================================
Received Import Request.
  Time since last request: 0.000234 seconds.
  path: Assets/Editor/PlanetEditor.cs
  artifactKey: Guid(b5272873e326c4edb86c7dc0f1c8e6a6) Importer(2089858483,192608db42251d675da83286b1cce702)
Start importing Assets/Editor/PlanetEditor.cs using Guid(b5272873e326c4edb86c7dc0f1c8e6a6) Importer(2089858483,192608db42251d675da83286b1cce702) (ScriptedImporter) -> (artifact id: '7f20a03327ee9aeb093fce81f34dfc7a') in 0.0301028 seconds
Number of updated asset objects reloaded before import = 0Number of asset objects unloaded after import = 0

========================================================================
Received Import Request.
  Time since last request: 0.000325 seconds.
  path: Assets/ShapeGenerator.cs
  artifactKey: Guid(c40ca591585634230bc9a35fba20a8b8) Importer(2089858483,192608db42251d675da83286b1cce702)
Start importing Assets/ShapeGenerator.cs using Guid(c40ca591585634230bc9a35fba20a8b8) Importer(2089858483,192608db42251d675da83286b1cce702) (ScriptedImporter) -> (artifact id: '696519125b8e5fecca124d6ab58aa830') in 0.0302836 seconds
Number of updated asset objects reloaded before import = 0Number of asset objects unloaded after import = 0

========================================================================
Received Import Request.
  Time since last request: 0.000356 seconds.
  path: Assets/SimpleNoiseFilter.cs
  artifactKey: Guid(6cf73c31e75704858b1d3ffce6493176) Importer(2089858483,192608db42251d675da83286b1cce702)
Start importing Assets/SimpleNoiseFilter.cs using Guid(6cf73c31e75704858b1d3ffce6493176) Importer(2089858483,192608db42251d675da83286b1cce702) (ScriptedImporter) -> (artifact id: '7de61382f67c9fccb6124de580a134ee') in 0.0341603 seconds
Number of updated asset objects reloaded before import = 0Number of asset objects unloaded after import = 0

Editor requested this worker to shutdown with reason: Scaling down because of idle timeout
AssetImportWorkerClient::OnTransportError - code=2 error=End of file
AssetImportWorker is now disconnected from the server
Process exiting
Exiting without the bug reporter. Application will terminate with return code 0