[Licensing::Module] Trying to connect to existing licensing client channel...
Built from '6000.2/staging' branch; Version is '6000.2.10f1 (d3d30d158480) revision 13882125'; Using compiler version '194234433'; Build Type 'Release'
OS: 'Windows 11  (10.0.26100) 64bit Enterprise' Language: 'en' Physical Memory: 16036 MB
[Licensing::IpcConnector] Successfully connected to: "LicenseClient-eIJX1TYkKavkvNEk0j2T8" at "2026-04-02T20:28:16.3976841Z"
BatchMode: 1, IsHumanControllingUs: 0, StartBugReporterOnCrash: 0, Is64bit: 1
Date: 2026-04-02T20:28:16Z

COMMAND LINE ARGUMENTS:
C:\Program Files\Unity\Hub\Editor\6000.2.10f1\Editor\Unity.exe
-adb2
-batchMode
-noUpm
-name
AssetImportWorker0
-projectPath
C:/Users/ja1106881/Documents/Planets stuff/Procedural-Planets/Procedural Planet E05
-logFile
Logs/AssetImportWorker0.log
-srvPort
54905
-licensingIpc
LicenseClient-eIJX1TYkKavkvNEk0j2T8
-job-worker-count
7
-background-job-worker-count
8
-gc-helper-count
1
-name
AssetImport
Successfully changed project path to: C:/Users/ja1106881/Documents/Planets stuff/Procedural-Planets/Procedural Planet E05
C:/Users/ja1106881/Documents/Planets stuff/Procedural-Planets/Procedural Planet E05
[UnityMemory] Configuration Parameters - Can be set up in boot.config
    "memorysetup-allocator-temp-initial-block-size-main=262144"
    "memorysetup-allocator-temp-initial-block-size-worker=262144"
    "memorysetup-bucket-allocator-granularity=16"
    "memorysetup-bucket-allocator-bucket-count=8"
    "memorysetup-bucket-allocator-block-size=33554432"
    "memorysetup-bucket-allocator-block-count=8"
    "memorysetup-main-allocator-block-size=16777216"
    "memorysetup-thread-allocator-block-size=16777216"
    "memorysetup-gfx-main-allocator-block-size=16777216"
    "memorysetup-gfx-thread-allocator-block-size=16777216"
    "memorysetup-cache-allocator-block-size=4194304"
    "memorysetup-typetree-allocator-block-size=2097152"
    "memorysetup-profiler-bucket-allocator-granularity=16"
    "memorysetup-profiler-bucket-allocator-bucket-count=8"
    "memorysetup-profiler-bucket-allocator-block-size=33554432"
    "memorysetup-profiler-bucket-allocator-block-count=8"
    "memorysetup-profiler-allocator-block-size=16777216"
    "memorysetup-profiler-editor-allocator-block-size=1048576"
    "memorysetup-temp-allocator-size-main=16777216"
    "memorysetup-job-temp-allocator-block-size=2097152"
    "memorysetup-job-temp-allocator-block-size-background=1048576"
    "memorysetup-job-temp-allocator-reduction-small-platforms=262144"
    "memorysetup-temp-allocator-size-background-worker=32768"
    "memorysetup-temp-allocator-size-job-worker=262144"
    "memorysetup-temp-allocator-size-preload-manager=33554432"
    "memorysetup-temp-allocator-size-nav-mesh-worker=65536"
    "memorysetup-temp-allocator-size-audio-worker=65536"
    "memorysetup-temp-allocator-size-cloud-worker=32768"
    "memorysetup-temp-allocator-size-gi-baking-worker=262144"
    "memorysetup-temp-allocator-size-gi-baking-worker=262144"
    "memorysetup-temp-allocator-size-gi-baking-worker=262144"
    "memorysetup-temp-allocator-size-gi-baking-worker=262144"
    "memorysetup-temp-allocator-size-gi-baking-worker=262144"
    "memorysetup-temp-allocator-size-gfx=262144"
Player connection [21964]  Target information:

Player connection [21964]  * "[IP] 192.168.56.1 [Port] 0 [Flags] 2 [Guid] 691120415 [EditorId] 691120415 [Version] 1048832 [Id] WindowsEditor(7,8PFT224) [Debug] 1 [PackageName] WindowsEditor [ProjectName] Editor" 

Player connection [21964]  * "[IP] 172.21.253.43 [Port] 0 [Flags] 2 [Guid] 691120415 [EditorId] 691120415 [Version] 1048832 [Id] WindowsEditor(7,8PFT224) [Debug] 1 [PackageName] WindowsEditor [ProjectName] Editor" 

Player connection [21964] Host joined multi-casting on [225.0.0.222:54997]...
Player connection [21964] Host joined alternative multi-casting on [225.0.0.222:34997]...
JobSystem: Creating JobQueue using job-worker-count value 7
Input System module state changed to: Initialized.
[Physics::Module] Initialized fallback backend.
[Physics::Module] Id: 0xdecafbad
[Licensing::Client] Code 10 while verifying Licensing Client signature (process Id: 12616, path: "C:/Program Files/Unity Hub/UnityLicensingClient_V1/Unity.Licensing.Client.exe")
[Licensing::Module] LicensingClient has failed validation; ignoring
[Licensing::Client] Error: HandshakeResponse reported an error:
	ResponseCode: 505
	ResponseStatus: Unsupported protocol version '1.17.2'.
[Licensing::Module] Error: Failed to handshake to channel: "LicenseClient-eIJX1TYkKavkvNEk0j2T8"
[Licensing::IpcConnector] LicenseClient-eIJX1TYkKavkvNEk0j2T8 channel disconnected successfully.
[Licensing::IpcConnector] Successfully connected to: "LicenseClient-ja1106881-6000.2.10" at "2026-04-02T20:28:16.4716106Z"
[Licensing::Client] Code 10 while verifying Licensing Client signature (process Id: 440, path: "C:/Program Files/Unity/Hub/Editor/6000.2.10f1/Editor/Data/Resources/Licensing/Client/Unity.Licensing.Client.exe")
[Licensing::Module] LicensingClient has failed validation; ignoring
[Licensing::Client] Handshaking with LicensingClient:
  Version:                 1.17.2+ff71f16
  Session Id:              53edc5a5a5834badac46ebccc22ce009
  Correlation Id:          e6e3c74db1dbf8ce90cf46014e80a664
  External correlation Id: 6188770882475894718
  Machine Id:              /M2U3Lm+Roj8E06T7zYl+MQy0xI=
[Licensing::Module] Successfully connected to LicensingClient on channel: "LicenseClient-ja1106881-6000.2.10" (connect: 0.00s, validation: 0.00s, handshake: 0.03s)
[Licensing::IpcConnector] Successfully connected to: "LicenseClient-ja1106881-6000.2.10-notifications" at "2026-04-02T20:28:16.5022609Z"
[Licensing::Module] Licensing Background thread has ended after 0.10s
Library Redirect Path: Library/
[Physics::Module] Selected backend.
[Physics::Module] Name: PhysX
[Physics::Module] Id: 0xf2b8ea05
[Physics::Module] SDK Version: 4.1.2
[Physics::Module] Integration Version: 1.0.0
[Physics::Module] Threading Mode: Multi-Threaded
Refreshing native plugins compatible for Editor in 13.40 ms, found 2 plugins.
Preloading 0 native plugins for Editor in 0.00 ms.
Initialize engine version: 6000.2.10f1 (d3d30d158480)
[Subsystems] Discovering subsystems at path C:/Program Files/Unity/Hub/Editor/6000.2.10f1/Editor/Data/Resources/UnitySubsystems
[Subsystems] Discovering subsystems at path C:/Users/ja1106881/Documents/Planets stuff/Procedural-Planets/Procedural Planet E05/Assets
GfxDevice: creating device client; kGfxThreadingModeNonThreaded
Direct3D:
    Version:  Direct3D 11.0 [level 11.1]
    Renderer: NVIDIA RTX A500 Laptop GPU (ID=0x25bb)
    Vendor:   NVIDIA
    VRAM:     3965 MB
    Driver:   31.0.15.5346
Initialize mono
Mono path[0] = 'C:/Program Files/Unity/Hub/Editor/6000.2.10f1/Editor/Data/Managed'
Mono path[1] = 'C:/Program Files/Unity/Hub/Editor/6000.2.10f1/Editor/Data/MonoBleedingEdge/lib/mono/unityjit-win32'
Mono config path = 'C:/Program Files/Unity/Hub/Editor/6000.2.10f1/Editor/Data/MonoBleedingEdge/etc'
Using monoOptions --debugger-agent=transport=dt_socket,embedding=1,server=y,suspend=n,address=127.0.0.1:56164
Begin MonoManager ReloadAssembly
Registering precompiled unity dll's ...
Register platform support module: C:/Program Files/Unity/Hub/Editor/6000.2.10f1/Editor/Data/PlaybackEngines/WindowsStandaloneSupport/UnityEditor.WindowsStandalone.Extensions.dll
Registered in 0.002757 seconds.
- Loaded All Assemblies, in  0.520 seconds
Native extension for WindowsStandalone target not found
Mono: successfully reloaded assembly
- Finished resetting the current domain, in  0.479 seconds
Domain Reload Profiling: 995ms
	BeginReloadAssembly (183ms)
		ExecutionOrderSort (0ms)
		DisableScriptedObjects (0ms)
		BackupInstance (0ms)
		ReleaseScriptingObjects (0ms)
		CreateAndSetChildDomain (1ms)
	RebuildCommonClasses (42ms)
	RebuildNativeTypeToScriptingClass (14ms)
	initialDomainReloadingComplete (60ms)
	LoadAllAssembliesAndSetupDomain (217ms)
		LoadAssemblies (178ms)
		RebuildTransferFunctionScriptingTraits (0ms)
		AnalyzeDomain (213ms)
			TypeCache.Refresh (211ms)
				TypeCache.ScanAssembly (195ms)
			BuildScriptInfoCaches (0ms)
			ResolveRequiredComponents (1ms)
	FinalizeReload (479ms)
		ReleaseScriptCaches (0ms)
		RebuildScriptCaches (0ms)
		SetupLoadedEditorAssemblies (426ms)
			LogAssemblyErrors (0ms)
			InitializePlatformSupportModulesInManaged (60ms)
			SetLoadedEditorAssemblies (7ms)
			BeforeProcessingInitializeOnLoad (99ms)
			ProcessInitializeOnLoadAttributes (200ms)
			ProcessInitializeOnLoadMethodAttributes (59ms)
			AfterProcessingInitializeOnLoad (0ms)
			EditorAssembliesLoaded (0ms)
		ExecutionOrderSort2 (0ms)
		AwakeInstancesAfterBackupRestoration (0ms)
========================================================================
Worker process is ready to serve import requests
Import Worker Mode flag is 0x00
Begin MonoManager ReloadAssembly
[Licensing::Client] Successfully resolved entitlement details
[Licensing::Module] License group:
  Id: F4-M7MG-MTWW-98EZ-78KY-XXXX
  Product: Unity Personal
  Type: ULF
  Expiration: Unlimited
[Licensing::Module] License group:
  Id: 20067118567427-UnityPersXXXX
  Product: Unity Personal
  Type: Assigned
  Expiration: Unlimited
Symbol file LoadedFromMemory is not a mono symbol file
- Loaded All Assemblies, in  0.858 seconds
Refreshing native plugins compatible for Editor in 7.03 ms, found 2 plugins.
Native extension for WindowsStandalone target not found
Refreshing native plugins compatible for Editor in 12.66 ms, found 2 plugins.
Package Manager log level set to [2]
[Package Manager] Failed to launch server process. Reason: Unity was launched with the -noUpm command-line argument
[Package Manager] Unable to send message (not connected to server process).
[Package Manager] Cannot connect to Unity Package Manager local server
Mono: successfully reloaded assembly
- Finished resetting the current domain, in  0.838 seconds
Domain Reload Profiling: 1688ms
	BeginReloadAssembly (261ms)
		ExecutionOrderSort (0ms)
		DisableScriptedObjects (9ms)
		BackupInstance (0ms)
		ReleaseScriptingObjects (0ms)
		CreateAndSetChildDomain (43ms)
	RebuildCommonClasses (49ms)
	RebuildNativeTypeToScriptingClass (14ms)
	initialDomainReloadingComplete (44ms)
	LoadAllAssembliesAndSetupDomain (482ms)
		LoadAssemblies (477ms)
		RebuildTransferFunctionScriptingTraits (0ms)
		AnalyzeDomain (150ms)
			TypeCache.Refresh (113ms)
				TypeCache.ScanAssembly (98ms)
			BuildScriptInfoCaches (31ms)
			ResolveRequiredComponents (2ms)
	FinalizeReload (838ms)
		ReleaseScriptCaches (0ms)
		RebuildScriptCaches (0ms)
		SetupLoadedEditorAssemblies (719ms)
			LogAssemblyErrors (0ms)
			InitializePlatformSupportModulesInManaged (2ms)
			SetLoadedEditorAssemblies (6ms)
			BeforeProcessingInitializeOnLoad (134ms)
			ProcessInitializeOnLoadAttributes (376ms)
			ProcessInitializeOnLoadMethodAttributes (193ms)
			AfterProcessingInitializeOnLoad (7ms)
			EditorAssembliesLoaded (0ms)
		ExecutionOrderSort2 (0ms)
		AwakeInstancesAfterBackupRestoration (7ms)
Launched and connected shader compiler UnityShaderCompiler.exe after 0.02 seconds
Refreshing native plugins compatible for Editor in 6.79 ms, found 2 plugins.
Preloading 0 native plugins for Editor in 0.00 ms.
Unloading 0 Unused Serialized files (Serialized files now loaded: 0)
Unloading 2938 unused Assets / (1.1 MB). Loaded Objects now: 3407.
Memory consumption went from 78.0 MB to 76.9 MB.
Total: 10.199000 ms (FindLiveObjects: 0.395300 ms CreateObjectMapping: 0.130700 ms MarkObjects: 8.781400 ms  DeleteObjects: 0.890300 ms)

========================================================================
Received Import Request.
  Time since last request: 4135.366965 seconds.
  path: Assets/ColourSettings.cs
  artifactKey: Guid(f6e6c8ca3ba8841e191076baacd2a9ab) Importer(2089858483,192608db42251d675da83286b1cce702)
Start importing Assets/ColourSettings.cs using Guid(f6e6c8ca3ba8841e191076baacd2a9ab) Importer(2089858483,192608db42251d675da83286b1cce702) (ScriptedImporter) -> (artifact id: '0a781b55fe9d40711e61066327e0a619') in 0.1455648 seconds
Number of updated asset objects reloaded before import = 0Number of asset objects unloaded after import = 0

========================================================================
Received Import Request.
  Time since last request: 0.000021 seconds.
  path: Assets/Graphics/Planet Mat.mat
  artifactKey: Guid(d6570cc21b41742188eca71a4bb8d9e7) Importer(2089858483,192608db42251d675da83286b1cce702)
Start importing Assets/Graphics/Planet Mat.mat using Guid(d6570cc21b41742188eca71a4bb8d9e7) Importer(2089858483,192608db42251d675da83286b1cce702) (ScriptedImporter) -> (artifact id: '8291eac7d9fc3f0012a07e91d932fa1d') in 0.0574593 seconds
Number of updated asset objects reloaded before import = 0Number of asset objects unloaded after import = 1

========================================================================
Received Import Request.
  Time since last request: 0.000060 seconds.
  path: Assets/Settings/Shape.asset
  artifactKey: Guid(bb563e90654574d4cb7d931456630f79) Importer(2089858483,192608db42251d675da83286b1cce702)
Start importing Assets/Settings/Shape.asset using Guid(bb563e90654574d4cb7d931456630f79) Importer(2089858483,192608db42251d675da83286b1cce702) (ScriptedImporter) -> (artifact id: '6c828bf5a819fd85f9c9596f75510333') in 0.0466599 seconds
Number of updated asset objects reloaded before import = 0Number of asset objects unloaded after import = 1

========================================================================
Received Import Request.
  Time since last request: 0.000333 seconds.
  path: Assets/Editor/ConditionalHidePropertyDrawer.cs
  artifactKey: Guid(2f5db794f4a44412c9db0680e0d9f6bc) Importer(2089858483,192608db42251d675da83286b1cce702)
Start importing Assets/Editor/ConditionalHidePropertyDrawer.cs using Guid(2f5db794f4a44412c9db0680e0d9f6bc) Importer(2089858483,192608db42251d675da83286b1cce702) (ScriptedImporter) -> (artifact id: '7af6b2d8ed98af3a39de5b614937f4a6') in 0.0303631 seconds
Number of updated asset objects reloaded before import = 0Number of asset objects unloaded after import = 0

========================================================================
Received Import Request.
  Time since last request: 0.000171 seconds.
  path: Assets/MinMax.cs
  artifactKey: Guid(69fb55cb040b4437aba55db3d35ee908) Importer(2089858483,192608db42251d675da83286b1cce702)
Start importing Assets/MinMax.cs using Guid(69fb55cb040b4437aba55db3d35ee908) Importer(2089858483,192608db42251d675da83286b1cce702) (ScriptedImporter) -> (artifact id: '16f583b616e636d26621b7f1b7a0f9e4') in 0.0323422 seconds
Number of updated asset objects reloaded before import = 0Number of asset objects unloaded after import = 0

========================================================================
Received Import Request.
  Time since last request: 0.000155 seconds.
  path: Assets/ShapeSettings.cs
  artifactKey: Guid(d48e7d87040ce4f66a07c75b885f4f80) Importer(2089858483,192608db42251d675da83286b1cce702)
Start importing Assets/ShapeSettings.cs using Guid(d48e7d87040ce4f66a07c75b885f4f80) Importer(2089858483,192608db42251d675da83286b1cce702) (ScriptedImporter) -> (artifact id: '3ad259969346d88213a4f181cb17981d') in 0.0320207 seconds
Number of updated asset objects reloaded before import = 0Number of asset objects unloaded after import = 0

========================================================================
Received Import Request.
  Time since last request: 0.000100 seconds.
  path: Assets/NoiseSettings.cs
  artifactKey: Guid(49495739a25cc4ed390f4353dbbbf1fc) Importer(2089858483,192608db42251d675da83286b1cce702)
Start importing Assets/NoiseSettings.cs using Guid(49495739a25cc4ed390f4353dbbbf1fc) Importer(2089858483,192608db42251d675da83286b1cce702) (ScriptedImporter) -> (artifact id: '0af813d7e396ed5fb9383af026f1ce3e') in 0.0318848 seconds
Number of updated asset objects reloaded before import = 0Number of asset objects unloaded after import = 0

========================================================================
Received Import Request.
  Time since last request: 0.000151 seconds.
  path: Assets/INoiseFilter.cs
  artifactKey: Guid(66720f149b11749648e92e726afe9839) Importer(2089858483,192608db42251d675da83286b1cce702)
Start importing Assets/INoiseFilter.cs using Guid(66720f149b11749648e92e726afe9839) Importer(2089858483,192608db42251d675da83286b1cce702) (ScriptedImporter) -> (artifact id: '7977f9dde2410382d725c76b5de3894e') in 0.0240644 seconds
Number of updated asset objects reloaded before import = 0Number of asset objects unloaded after import = 0

========================================================================
Received Import Request.
  Time since last request: 0.000090 seconds.
  path: Assets/TerrainFace.cs
  artifactKey: Guid(859215c01402541afaa80c9fee15874c) Importer(2089858483,192608db42251d675da83286b1cce702)
Start importing Assets/TerrainFace.cs using Guid(859215c01402541afaa80c9fee15874c) Importer(2089858483,192608db42251d675da83286b1cce702) (ScriptedImporter) -> (artifact id: 'e7ad8165011fea8a31ae082d80fd0c58') in 0.0364664 seconds
Number of updated asset objects reloaded before import = 0Number of asset objects unloaded after import = 0

========================================================================
Received Import Request.
  Time since last request: 0.000110 seconds.
  path: Assets/Noise.cs
  artifactKey: Guid(e704d116079374fa1aba59dc13a9b006) Importer(2089858483,192608db42251d675da83286b1cce702)
Start importing Assets/Noise.cs using Guid(e704d116079374fa1aba59dc13a9b006) Importer(2089858483,192608db42251d675da83286b1cce702) (ScriptedImporter) -> (artifact id: '144c587290c8fbe3676892f6154df8e8') in 0.0336651 seconds
Number of updated asset objects reloaded before import = 0Number of asset objects unloaded after import = 0

========================================================================
Received Import Request.
  Time since last request: 0.000099 seconds.
  path: Assets/RidgidNoiseFilter.cs
  artifactKey: Guid(5f700f61a40d24e179fd5a9c797890dc) Importer(2089858483,192608db42251d675da83286b1cce702)
Start importing Assets/RidgidNoiseFilter.cs using Guid(5f700f61a40d24e179fd5a9c797890dc) Importer(2089858483,192608db42251d675da83286b1cce702) (ScriptedImporter) -> (artifact id: '0deadf4e5f2cd698463136cd28274b17') in 0.0360793 seconds
Number of updated asset objects reloaded before import = 0Number of asset objects unloaded after import = 0

========================================================================
Received Import Request.
  Time since last request: 0.000178 seconds.
  path: Assets/Graphics/Planet.ShaderGraph
  artifactKey: Guid(03e0f565d73a3444c8720608378d0cfa) Importer(2089858483,192608db42251d675da83286b1cce702)
Start importing Assets/Graphics/Planet.ShaderGraph using Guid(03e0f565d73a3444c8720608378d0cfa) Importer(2089858483,192608db42251d675da83286b1cce702) (ScriptedImporter) -> (artifact id: '5306d3ca6bb3e98ebd08c618fe28b225') in 0.0299491 seconds
Number of updated asset objects reloaded before import = 0Number of asset objects unloaded after import = 1

========================================================================
Received Import Request.
  Time since last request: 0.000320 seconds.
  path: Assets/Settings/Colour.asset
  artifactKey: Guid(4d2914748ff1c4089acd77328cfcb02e) Importer(2089858483,192608db42251d675da83286b1cce702)
Start importing Assets/Settings/Colour.asset using Guid(4d2914748ff1c4089acd77328cfcb02e) Importer(2089858483,192608db42251d675da83286b1cce702) (ScriptedImporter) -> (artifact id: 'ac4fb048c5f481216e2c4d6d9182f15b') in 0.0366781 seconds
Number of updated asset objects reloaded before import = 0Number of asset objects unloaded after import = 2

========================================================================
Received Import Request.
  Time since last request: 0.000261 seconds.
  path: Assets/NoiseFilterFactory.cs
  artifactKey: Guid(c9087bb2e20cd4936afd9c14a9bfdb06) Importer(2089858483,192608db42251d675da83286b1cce702)
Start importing Assets/NoiseFilterFactory.cs using Guid(c9087bb2e20cd4936afd9c14a9bfdb06) Importer(2089858483,192608db42251d675da83286b1cce702) (ScriptedImporter) -> (artifact id: 'e112be779af269d5ab7ad8b368bac2b5') in 0.113652 seconds
Number of updated asset objects reloaded before import = 0Number of asset objects unloaded after import = 0

========================================================================
Received Import Request.
  Time since last request: 447.559911 seconds.
  path: Assets/Graphics/Planet Mat.mat
  artifactKey: Guid(d6570cc21b41742188eca71a4bb8d9e7) Importer(2089858483,192608db42251d675da83286b1cce702)
Start importing Assets/Graphics/Planet Mat.mat using Guid(d6570cc21b41742188eca71a4bb8d9e7) Importer(2089858483,192608db42251d675da83286b1cce702) (ScriptedImporter) -> (artifact id: '6e1ba88c9494489d1f4bfbe494c27895') in 0.0705605 seconds
Number of updated asset objects reloaded before import = 0Number of asset objects unloaded after import = 1

========================================================================
Received Import Request.
  Time since last request: 0.286480 seconds.
  path: Assets/New Shape Settings.asset
  artifactKey: Guid(04d421ac8a54f534a8d4103bc6eee992) Importer(815301076,1909f56bfc062723c751e8b465ee728b)
Start importing Assets/New Shape Settings.asset using Guid(04d421ac8a54f534a8d4103bc6eee992) Importer(815301076,1909f56bfc062723c751e8b465ee728b) (PreviewImporter) -> (artifact id: '7f7a42b97c53024dd3d965cf8c4759d1') in 0.0232179 seconds
Number of updated asset objects reloaded before import = 0Number of asset objects unloaded after import = 1

========================================================================
Received Import Request.
  Time since last request: 0.000054 seconds.
  path: Assets/New Colour Settings.asset
  artifactKey: Guid(43d4143afc117064896b1a55d48ad36a) Importer(815301076,1909f56bfc062723c751e8b465ee728b)
Start importing Assets/New Colour Settings.asset using Guid(43d4143afc117064896b1a55d48ad36a) Importer(815301076,1909f56bfc062723c751e8b465ee728b) (PreviewImporter) -> (artifact id: '40c5e9ef898cabb63f788eb503b848d0') in 0.0019871 seconds
Number of updated asset objects reloaded before import = 0Number of asset objects unloaded after import = 2

